2020-03-16 11:58:59.2025 Error FileTarget(Name=logfile): Failed write to file '/MemConnect/Logs/CloudAuthConnector/2020-03-16/2020-03-16.log'. Exception: System.UnauthorizedAccessException: Access to the path '/MemConnect/Logs/CloudAuthConnector/2020-03-16' is denied. ---> System.IO.IOException: Permission denied
   --- End of inner exception stack trace ---
   at System.IO.FileSystem.CreateDirectory(String fullPath)
   at System.IO.Directory.CreateDirectory(String path)
   at NLog.Internal.FileAppenders.BaseFileAppender.CreateFileStream(Boolean allowFileSharedWriting, Int32 overrideBufferSize)
   at NLog.Internal.FileAppenders.RetryingMultiProcessFileAppender.Write(Byte[] bytes, Int32 offset, Int32 count)
   at NLog.Targets.FileTarget.WriteToFile(String fileName, ArraySegment`1 bytes, Boolean initializedNewFile)
2020-03-16 11:58:59.4774 Error FileTarget(Name=logfile): Failed write to file '/MemConnect/Logs/CloudAuthConnector/2020-03-16/2020-03-16.log'. Exception: System.UnauthorizedAccessException: Access to the path '/MemConnect/Logs/CloudAuthConnector/2020-03-16' is denied. ---> System.IO.IOException: Permission denied
   --- End of inner exception stack trace ---
   at System.IO.FileSystem.CreateDirectory(String fullPath)
   at System.IO.Directory.CreateDirectory(String path)
   at NLog.Internal.FileAppenders.BaseFileAppender.CreateFileStream(Boolean allowFileSharedWriting, Int32 overrideBufferSize)
   at NLog.Internal.FileAppenders.RetryingMultiProcessFileAppender.Write(Byte[] bytes, Int32 offset, Int32 count)
   at NLog.Targets.FileTarget.WriteToFile(String fileName, ArraySegment`1 bytes, Boolean initializedNewFile)
2020-03-16 11:59:14.2460 Error FileTarget(Name=logfile): Failed write to file '/MemConnect/Logs/CloudAuthConnector/2020-03-16/2020-03-16.log'. Exception: System.UnauthorizedAccessException: Access to the path '/MemConnect/Logs/CloudAuthConnector/2020-03-16' is denied. ---> System.IO.IOException: Permission denied
   --- End of inner exception stack trace ---
   at System.IO.FileSystem.CreateDirectory(String fullPath)
   at System.IO.Directory.CreateDirectory(String path)
   at NLog.Internal.FileAppenders.BaseFileAppender.CreateFileStream(Boolean allowFileSharedWriting, Int32 overrideBufferSize)
   at NLog.Internal.FileAppenders.RetryingMultiProcessFileAppender.Write(Byte[] bytes, Int32 offset, Int32 count)
   at NLog.Targets.FileTarget.WriteToFile(String fileName, ArraySegment`1 bytes, Boolean initializedNewFile)
2020-03-16 11:59:14.4427 Error FileTarget(Name=logfile): Failed write to file '/MemConnect/Logs/CloudAuthConnector/2020-03-16/2020-03-16.log'. Exception: System.UnauthorizedAccessException: Access to the path '/MemConnect/Logs/CloudAuthConnector/2020-03-16' is denied. ---> System.IO.IOException: Permission denied
   --- End of inner exception stack trace ---
   at System.IO.FileSystem.CreateDirectory(String fullPath)
   at System.IO.Directory.CreateDirectory(String path)
   at NLog.Internal.FileAppenders.BaseFileAppender.CreateFileStream(Boolean allowFileSharedWriting, Int32 overrideBufferSize)
   at NLog.Internal.FileAppenders.RetryingMultiProcessFileAppender.Write(Byte[] bytes, Int32 offset, Int32 count)
   at NLog.Targets.FileTarget.WriteToFile(String fileName, ArraySegment`1 bytes, Boolean initializedNewFile)
2020-03-16 11:59:28.8477 Error FileTarget(Name=logfile): Failed write to file '/MemConnect/Logs/CloudAuthConnector/2020-03-16/2020-03-16.log'. Exception: System.UnauthorizedAccessException: Access to the path '/MemConnect/Logs/CloudAuthConnector/2020-03-16' is denied. ---> System.IO.IOException: Permission denied
   --- End of inner exception stack trace ---
   at System.IO.FileSystem.CreateDirectory(String fullPath)
   at System.IO.Directory.CreateDirectory(String path)
   at NLog.Internal.FileAppenders.BaseFileAppender.CreateFileStream(Boolean allowFileSharedWriting, Int32 overrideBufferSize)
   at NLog.Internal.FileAppenders.RetryingMultiProcessFileAppender.Write(Byte[] bytes, Int32 offset, Int32 count)
   at NLog.Targets.FileTarget.WriteToFile(String fileName, ArraySegment`1 bytes, Boolean initializedNewFile)
2020-03-16 11:59:29.0637 Error FileTarget(Name=logfile): Failed write to file '/MemConnect/Logs/CloudAuthConnector/2020-03-16/2020-03-16.log'. Exception: System.UnauthorizedAccessException: Access to the path '/MemConnect/Logs/CloudAuthConnector/2020-03-16' is denied. ---> System.IO.IOException: Permission denied
   --- End of inner exception stack trace ---
   at System.IO.FileSystem.CreateDirectory(String fullPath)
   at System.IO.Directory.CreateDirectory(String path)
   at NLog.Internal.FileAppenders.BaseFileAppender.CreateFileStream(Boolean allowFileSharedWriting, Int32 overrideBufferSize)
   at NLog.Internal.FileAppenders.RetryingMultiProcessFileAppender.Write(Byte[] bytes, Int32 offset, Int32 count)
   at NLog.Targets.FileTarget.WriteToFile(String fileName, ArraySegment`1 bytes, Boolean initializedNewFile)
2020-03-16 11:59:52.4059 Error FileTarget(Name=logfile): Failed write to file '/MemConnect/Logs/CloudAuthConnector/2020-03-16/2020-03-16.log'. Exception: System.UnauthorizedAccessException: Access to the path '/MemConnect/Logs/CloudAuthConnector/2020-03-16' is denied. ---> System.IO.IOException: Permission denied
   --- End of inner exception stack trace ---
   at System.IO.FileSystem.CreateDirectory(String fullPath)
   at System.IO.Directory.CreateDirectory(String path)
   at NLog.Internal.FileAppenders.BaseFileAppender.CreateFileStream(Boolean allowFileSharedWriting, Int32 overrideBufferSize)
   at NLog.Internal.FileAppenders.RetryingMultiProcessFileAppender.Write(Byte[] bytes, Int32 offset, Int32 count)
   at NLog.Targets.FileTarget.WriteToFile(String fileName, ArraySegment`1 bytes, Boolean initializedNewFile)
2020-03-16 11:59:52.4297 Error FileTarget(Name=logfile): Failed write to file '/MemConnect/Logs/CloudAuthConnector/2020-03-16/2020-03-16.log'. Exception: System.UnauthorizedAccessException: Access to the path '/MemConnect/Logs/CloudAuthConnector/2020-03-16' is denied. ---> System.IO.IOException: Permission denied
   --- End of inner exception stack trace ---
   at System.IO.FileSystem.CreateDirectory(String fullPath)
   at System.IO.Directory.CreateDirectory(String path)
   at NLog.Internal.FileAppenders.BaseFileAppender.CreateFileStream(Boolean allowFileSharedWriting, Int32 overrideBufferSize)
   at NLog.Internal.FileAppenders.RetryingMultiProcessFileAppender.Write(Byte[] bytes, Int32 offset, Int32 count)
   at NLog.Targets.FileTarget.WriteToFile(String fileName, ArraySegment`1 bytes, Boolean initializedNewFile)
2020-03-16 12:00:06.4004 Error FileTarget(Name=logfile): Failed write to file '/MemConnect/Logs/CloudAuthConnector/2020-03-16/2020-03-16.log'. Exception: System.UnauthorizedAccessException: Access to the path '/MemConnect/Logs/CloudAuthConnector/2020-03-16' is denied. ---> System.IO.IOException: Permission denied
   --- End of inner exception stack trace ---
   at System.IO.FileSystem.CreateDirectory(String fullPath)
   at System.IO.Directory.CreateDirectory(String path)
   at NLog.Internal.FileAppenders.BaseFileAppender.CreateFileStream(Boolean allowFileSharedWriting, Int32 overrideBufferSize)
   at NLog.Internal.FileAppenders.RetryingMultiProcessFileAppender.Write(Byte[] bytes, Int32 offset, Int32 count)
   at NLog.Targets.FileTarget.WriteToFile(String fileName, ArraySegment`1 bytes, Boolean initializedNewFile)
2020-03-16 12:00:06.5983 Error FileTarget(Name=logfile): Failed write to file '/MemConnect/Logs/CloudAuthConnector/2020-03-16/2020-03-16.log'. Exception: System.UnauthorizedAccessException: Access to the path '/MemConnect/Logs/CloudAuthConnector/2020-03-16' is denied. ---> System.IO.IOException: Permission denied
   --- End of inner exception stack trace ---
   at System.IO.FileSystem.CreateDirectory(String fullPath)
   at System.IO.Directory.CreateDirectory(String path)
   at NLog.Internal.FileAppenders.BaseFileAppender.CreateFileStream(Boolean allowFileSharedWriting, Int32 overrideBufferSize)
   at NLog.Internal.FileAppenders.RetryingMultiProcessFileAppender.Write(Byte[] bytes, Int32 offset, Int32 count)
   at NLog.Targets.FileTarget.WriteToFile(String fileName, ArraySegment`1 bytes, Boolean initializedNewFile)
2020-03-16 12:01:10.9110 Error FileTarget(Name=logfile): Failed write to file '/MemConnect/Logs/CloudAuthConnector/2020-03-16/2020-03-16.log'. Exception: System.UnauthorizedAccessException: Access to the path '/MemConnect/Logs/CloudAuthConnector/2020-03-16' is denied. ---> System.IO.IOException: Permission denied
   --- End of inner exception stack trace ---
   at System.IO.FileSystem.CreateDirectory(String fullPath)
   at System.IO.Directory.CreateDirectory(String path)
   at NLog.Internal.FileAppenders.BaseFileAppender.CreateFileStream(Boolean allowFileSharedWriting, Int32 overrideBufferSize)
   at NLog.Internal.FileAppenders.RetryingMultiProcessFileAppender.Write(Byte[] bytes, Int32 offset, Int32 count)
   at NLog.Targets.FileTarget.WriteToFile(String fileName, ArraySegment`1 bytes, Boolean initializedNewFile)
2020-03-16 12:01:21.4067 Error FileTarget(Name=logfile): Failed write to file '/MemConnect/Logs/CloudAuthConnector/2020-03-16/2020-03-16.log'. Exception: System.UnauthorizedAccessException: Access to the path '/MemConnect/Logs/CloudAuthConnector/2020-03-16' is denied. ---> System.IO.IOException: Permission denied
   --- End of inner exception stack trace ---
   at System.IO.FileSystem.CreateDirectory(String fullPath)
   at System.IO.Directory.CreateDirectory(String path)
   at NLog.Internal.FileAppenders.BaseFileAppender.CreateFileStream(Boolean allowFileSharedWriting, Int32 overrideBufferSize)
   at NLog.Internal.FileAppenders.RetryingMultiProcessFileAppender.Write(Byte[] bytes, Int32 offset, Int32 count)
   at NLog.Targets.FileTarget.WriteToFile(String fileName, ArraySegment`1 bytes, Boolean initializedNewFile)
